Arguments: 
  /usr/bin/node /usr/bin/yarn init

PATH: 
  /home/tvili999/.deno/bin:/home/tvili999/.bin:/home/tvili999/.cargo/bin:/home/tvili999/.sdkman/candidates/gradle/current/bin:/home/tvili999/.deno/bin:/home/tvili999/.bin:/home/tvili999/.cargo/bin:/home/tvili999/.cargo/bin:/usr/local/sbin:/usr/local/bin:/usr/bin:/home/tvili999/.dotnet/tools:/usr/lib/jvm/default/bin:/usr/bin/site_perl:/usr/bin/vendor_perl:/usr/bin/core_perl:/var/lib/snapd/snap/bin:/data/AndroidSdk/Sdk/emulator:/data/AndroidSdk/Sdk/tools:/data/AndroidSdk/Sdk/tools/bin:/data/AndroidSdk/Sdk/platform-tools:/home/tvili999/.local/bin:/data/AndroidSdk/Sdk/emulator:/data/AndroidSdk/Sdk/tools:/data/AndroidSdk/Sdk/tools/bin:/data/AndroidSdk/Sdk/platform-tools

Yarn version: 
  1.17.3

Node version: 
  16.3.0

Platform: 
  linux x64

Trace: 
  Error: canceled
      at Interface.<anonymous> (/usr/lib/node_modules/yarn/lib/cli.js:136724:13)
      at Interface.emit (node:events:394:28)
      at Interface._ttyWrite (node:readline:1069:16)
      at ReadStream.onkeypress (node:readline:288:10)
      at ReadStream.emit (node:events:394:28)
      at emitKeys (node:internal/readline/utils:358:14)
      at emitKeys.next (<anonymous>)
      at ReadStream.onData (node:internal/readline/emitKeypressEvents:61:36)
      at ReadStream.emit (node:events:394:28)
      at addChunk (node:internal/streams/readable:312:12)

npm manifest: 
  {
    "name": "node-templates",
    "version": "1.0.0",
    "main": "index.js",
    "repository": "https://github.com/tvili999/node-templates",
    "author": "Takacs Vili <tvili999@gmail.com>",
    "license": "MIT"
  }

yarn manifest: 
  No manifest

Lockfile: 
  No lockfile
